<?xml version="1.0" encoding="UTF-8"?>
<testsuites>
	<testsuite name="tests.test_helper_functions.helper_functions_Test-20210804000418" tests="2" file="tests/test_helper_functions.py" time="0.011" timestamp="2021-08-04T00:04:18" failures="0" errors="0" skipped="0">
		<testcase classname="tests.test_helper_functions.helper_functions_Test" name="test_key_generation" time="0.009" timestamp="2021-08-04T00:04:18" file="tests\test_helper_functions.py" line="8"/>
		<testcase classname="tests.test_helper_functions.helper_functions_Test" name="test_valid_birthday" time="0.002" timestamp="2021-08-04T00:04:18" file="tests\test_helper_functions.py" line="12"/>
	</testsuite>
	<testsuite name="tests.test_trivial.trivial_test-20210804000418" tests="1" file="tests/test_trivial.py" time="0.001" timestamp="2021-08-04T00:04:18" failures="0" errors="0" skipped="0">
		<testcase classname="tests.test_trivial.trivial_test" name="test_trivial" time="0.001" timestamp="2021-08-04T00:04:18" file="tests\test_trivial.py" line="7"/>
	</testsuite>
</testsuites>
