<?xml version="1.0" encoding="UTF-8"?>
<testsuites>
	<testsuite name="tests.test_email_key.email_module_test-20210803234639" tests="1" file="tests/test_email_key.py" time="0.004" timestamp="2021-08-03T23:46:39" failures="0" errors="0" skipped="0">
		<testcase classname="tests.test_email_key.email_module_test" name="test_key_generation" time="0.004" timestamp="2021-08-03T23:46:39" file="tests\test_email_key.py" line="8"/>
	</testsuite>
	<testsuite name="tests.test_trivial.trivial_test-20210803234639" tests="1" file="tests/test_trivial.py" time="0.000" timestamp="2021-08-03T23:46:39" failures="0" errors="0" skipped="0">
		<testcase classname="tests.test_trivial.trivial_test" name="test_trivial" time="0.000" timestamp="2021-08-03T23:46:39" file="tests\test_trivial.py" line="7"/>
	</testsuite>
</testsuites>
